\BOOKMARK [0][-]{chapter.1}{\376\377\000S\000e\000t\000\040\000T\000h\000e\000o\000r\000y}{}% 1
\BOOKMARK [1][-]{section.1.1}{\376\377\000N\000a\000i\000v\000e\000\040\000S\000e\000t\000\040\000T\000h\000e\000o\000r\000y}{chapter.1}% 2
\BOOKMARK [1][-]{section.1.2}{\376\377\000R\000e\000l\000a\000t\000i\000o\000n\000s}{chapter.1}% 3
\BOOKMARK [1][-]{section.1.3}{\376\377\000F\000u\000n\000c\000t\000i\000o\000n\000s}{chapter.1}% 4
\BOOKMARK [0][-]{chapter.2}{\376\377\000A\000n\000a\000l\000y\000s\000i\000s}{}% 5
\BOOKMARK [1][-]{section.2.1}{\376\377\000L\000i\000m\000i\000t\000s}{chapter.2}% 6
\BOOKMARK [1][-]{section.2.2}{\376\377\000D\000i\000f\000f\000e\000r\000e\000n\000t\000i\000a\000t\000i\000o\000n}{chapter.2}% 7
\BOOKMARK [1][-]{section.2.3}{\376\377\000S\000e\000q\000u\000e\000n\000c\000e\000s}{chapter.2}% 8
\BOOKMARK [1][-]{section.2.4}{\376\377\000M\000u\000l\000t\000i\000\040\000V\000a\000r\000i\000a\000b\000l\000e}{chapter.2}% 9
\BOOKMARK [0][-]{chapter.3}{\376\377\000L\000i\000n\000e\000a\000r\000\040\000A\000l\000g\000e\000b\000r\000a}{}% 10
\BOOKMARK [1][-]{section.3.1}{\376\377\000V\000e\000c\000t\000o\000r\000s}{chapter.3}% 11
\BOOKMARK [1][-]{section.3.2}{\376\377\000L\000i\000n\000e\000a\000r\000\040\000T\000r\000a\000n\000s\000f\000o\000r\000m\000a\000t\000i\000o\000n\000s}{chapter.3}% 12
\BOOKMARK [1][-]{section.3.3}{\376\377\000M\000a\000t\000r\000i\000c\000e\000s}{chapter.3}% 13
\BOOKMARK [0][-]{chapter.4}{\376\377\000A\000l\000g\000e\000b\000r\000a}{}% 14
\BOOKMARK [0][-]{chapter.5}{\376\377\000F\000i\000r\000s\000t\000\040\000O\000r\000d\000e\000r\000\040\000L\000o\000g\000i\000c}{}% 15
\BOOKMARK [1][-]{section.5.1}{\376\377\000L\000a\000n\000g\000u\000a\000g\000e\000s}{chapter.5}% 16
\BOOKMARK [1][-]{section.5.2}{\376\377\000D\000e\000d\000u\000c\000t\000i\000o\000n\000s}{chapter.5}% 17
\BOOKMARK [1][-]{section.5.3}{\376\377\000C\000o\000m\000p\000l\000e\000t\000e\000n\000e\000s\000s}{chapter.5}% 18
\BOOKMARK [1][-]{section.5.4}{\376\377\000I\000n\000c\000o\000m\000p\000l\000e\000t\000e\000n\000e\000s\000s}{chapter.5}% 19
\BOOKMARK [0][-]{chapter.6}{\376\377\000T\000o\000p\000o\000l\000o\000g\000y}{}% 20
\BOOKMARK [1][-]{section.6.1}{\376\377\000T\000o\000p\000o\000l\000o\000g\000i\000c\000a\000l\000\040\000S\000p\000a\000c\000e\000s\000\040\000a\000n\000d\000\040\000C\000o\000n\000t\000i\000n\000u\000o\000u\000s\000\040\000F\000u\000n\000c\000t\000i\000o\000n\000s}{chapter.6}% 21
\BOOKMARK [2][-]{subsection.6.1.1}{\376\377\000B\000a\000s\000i\000s}{section.6.1}% 22
\BOOKMARK [2][-]{subsection.6.1.2}{\376\377\000T\000h\000e\000\040\000S\000u\000b\000s\000p\000a\000c\000e\000\040\000T\000o\000p\000o\000l\000o\000g\000y}{section.6.1}% 23
\BOOKMARK [2][-]{subsection.6.1.3}{\376\377\000T\000h\000e\000\040\000P\000r\000o\000d\000u\000c\000t\000\040\000T\000o\000p\000o\000l\000o\000g\000y}{section.6.1}% 24
\BOOKMARK [2][-]{subsection.6.1.4}{\376\377\000T\000h\000e\000\040\000M\000e\000t\000r\000i\000c\000\040\000T\000o\000p\000o\000l\000o\000g\000y}{section.6.1}% 25
\BOOKMARK [1][-]{section.6.2}{\376\377\000C\000o\000n\000n\000e\000c\000t\000e\000d\000n\000e\000s\000s\000\040\000a\000n\000d\000\040\000C\000o\000m\000p\000a\000c\000t\000n\000e\000s\000s}{chapter.6}% 26
\BOOKMARK [2][-]{subsection.6.2.1}{\376\377\000C\000o\000m\000p\000a\000c\000t\000\040\000S\000p\000a\000c\000e\000s}{section.6.2}% 27
\BOOKMARK [0][-]{chapter.7}{\376\377\000C\000o\000m\000p\000u\000t\000e\000r\000\040\000S\000c\000i\000e\000n\000c\000e}{}% 28
\BOOKMARK [0][-]{chapter.8}{\376\377\000G\000r\000a\000p\000h\000\040\000T\000h\000e\000o\000r\000y}{}% 29
\BOOKMARK [0][-]{chapter.9}{\376\377\000P\000r\000o\000b\000a\000b\000i\000l\000i\000t\000y}{}% 30
\BOOKMARK [1][-]{section.9.1}{\376\377\000B\000a\000y\000e\000s\000i\000a\000n\000\040\000I\000n\000t\000e\000r\000f\000e\000r\000e\000n\000c\000e}{chapter.9}% 31
\BOOKMARK [0][-]{chapter.10}{\376\377\000P\000r\000o\000g\000r\000a\000m\000m\000i\000n\000g}{}% 32
